[19:58:23][PluginLoader][WARNING] Plugins directory not found.
[19:58:24][NATTCore][INFO] NATT CORE initialization done
Version: 1.7.0 
Configuration path: https://gitlab.com/ap5vs/test-config/im-server-config/-/raw/main/test-config-4.yaml?ref_type=heads
Configuration loading mode: FROM URL
[19:58:24][NATTCore][INFO] Working directory path: C:\Users\alexg\OneDrive\Dokumenty\im-server-main
[19:58:24][NATTCore][INFO] Start loading of the configuration file ...
[19:58:24][NetworkIO][INFO] Yaml data has been loaded from network location (https://gitlab.com/ap5vs/test-config/im-server-config/-/raw/main/test-config-4.yaml?ref_type=heads)
[19:58:24][NATTCore][INFO] Configuration loading done
[19:58:24][NATTCore][INFO] Start building test structure according to the configuration ...
[19:58:25][NATTCore][INFO] Test structure ...
[19:58:25][NATTCore][INFO] Test structure building done
[19:58:25][NATTCore][INFO] Start test executing ...
[19:58:25][TestReportGenerator][INFO] Extenet reports generated. Final report will be saved to file: test_report.html
[19:58:25][NATTCore][INFO] Starts execution on the root keyword  ...
[19:58:25][MessageBuffer][INFO] Message buffer created for module with name: default
[19:58:25][ExternalProgramRunner][INFO] (default) Run external app with command: java -jar app/build/libs/app.jar 9999 10
[19:58:25][ProcessManager][INFO] New PID (10400) added to file
[19:58:25][WaitKw][INFO] Waiting: 3000 ms
[19:58:25][MessageBuffer][INFO] Message added to buffer [ Mod: default | Tag:  ] Content: 'IM server listening on port 9999, maximum nr. of connections=10...'
[19:58:28][MessageBuffer][INFO] Message buffer created for module with name: client-1
[19:58:28][TelnetClient][INFO] (client-1) Telnet client connected to host with the address: 'localhost' on port '9999'
[19:58:28][MessageBuffer][INFO] Message buffer created for module with name: client-2
[19:58:28][TelnetClient][INFO] (client-2) Telnet client connected to host with the address: 'localhost' on port '9999'
[19:58:28][MessageBuffer][INFO] Message buffer created for module with name: client-3
[19:58:28][TelnetClient][INFO] (client-3) Telnet client connected to host with the address: 'localhost' on port '9999'
[19:58:28][WaitKw][INFO] Waiting: 2000 ms
[19:58:30][TelnetClient][INFO] (client-1) Message send: Klient1
[19:58:30][TelnetClient][INFO] (client-2) Message send: Klient2
[19:58:30][TelnetClient][INFO] (client-3) Message send: Klient3
[19:58:30][WaitKw][INFO] Waiting: 800 ms
[19:58:30][MessageBuffer][INFO] Message added to buffer [ Mod: client-1 | Tag:  ] Content: 'Please enter your name: '
[19:58:30][MessageBuffer][INFO] Message added to buffer [ Mod: client-3 | Tag:  ] Content: 'Please enter your name: '
[19:58:30][MessageBuffer][INFO] Message added to buffer [ Mod: client-2 | Tag:  ] Content: 'Please enter your name: '
[19:58:30][MessageBuffer][INFO] Message added to buffer [ Mod: client-3 | Tag:  ] Content: 'You are connected from /127.0.0.1:62178'
[19:58:30][MessageBuffer][INFO] Message added to buffer [ Mod: client-1 | Tag:  ] Content: 'You are connected from /127.0.0.1:62176'
[19:58:30][MessageBuffer][INFO] Message added to buffer [ Mod: client-2 | Tag:  ] Content: 'You are connected from /127.0.0.1:62177'
[19:58:31][TestSuiteKw][INFO] Test case 'Zaklaní test komunikace 1' starts executing now
[19:58:31][TelnetClient][INFO] (client-1) Message send: Hello, world!
[19:58:31][WaitKw][INFO] Waiting: 1000 ms
[19:58:31][MessageBuffer][INFO] Message added to buffer [ Mod: default | Tag:  ] Content: '[Klient1] >> Hello, world!'
[19:58:31][MessageBuffer][INFO] Message added to buffer [ Mod: client-2 | Tag:  ] Content: '[Klient1] >> Hello, world!'
[19:58:31][MessageBuffer][INFO] Message added to buffer [ Mod: client-3 | Tag:  ] Content: '[Klient1] >> Hello, world!'
[19:58:32][TestSuiteKw][INFO] Test suite 'Testování běžné komunikace' - Test case 'Zaklaní test komunikace 1' passed
[19:58:32][MessageBuffer][INFO] Message buffer cleared
[19:58:32][TestSuiteKw][INFO] Test case 'Zaklaní test komunikace 2' starts executing now
[19:58:32][TelnetClient][INFO] (client-1) Message send: Testing 123
[19:58:32][MessageBuffer][INFO] Message added to buffer [ Mod: default | Tag:  ] Content: '[Klient1] >> Testing 123'
[19:58:32][MessageBuffer][INFO] Message added to buffer [ Mod: client-2 | Tag:  ] Content: '[Klient1] >> Testing 123'
[19:58:32][MessageBuffer][INFO] Message added to buffer [ Mod: client-3 | Tag:  ] Content: '[Klient1] >> Testing 123'
[19:58:32][TelnetClient][INFO] (client-2) Message send: 12345 - 67890
[19:58:32][MessageBuffer][INFO] Message added to buffer [ Mod: default | Tag:  ] Content: '[Klient2] >> 12345 - 67890'
[19:58:32][MessageBuffer][INFO] Message added to buffer [ Mod: client-3 | Tag:  ] Content: '[Klient2] >> 12345 - 67890'
[19:58:32][MessageBuffer][INFO] Message added to buffer [ Mod: client-1 | Tag:  ] Content: '[Klient2] >> 12345 - 67890'
[19:58:32][TelnetClient][INFO] (client-3) Message send: This is a test message
[19:58:32][MessageBuffer][INFO] Message added to buffer [ Mod: default | Tag:  ] Content: '[Klient3] >> This is a test message'
[19:58:32][WaitKw][INFO] Waiting: 1000 ms
[19:58:32][MessageBuffer][INFO] Message added to buffer [ Mod: client-2 | Tag:  ] Content: '[Klient3] >> This is a test message'
[19:58:32][MessageBuffer][INFO] Message added to buffer [ Mod: client-1 | Tag:  ] Content: '[Klient3] >> This is a test message'
[19:58:33][NATTContext][INFO] Data has been stored in to the variable 'var-1'. Data value: [Klient2] >> 12345 - 67890
[19:58:33][NATTContext][INFO] Data has been stored in to the variable 'var-1'. Data value: [Klient3] >> This is a test message
[19:58:33][NATTContext][INFO] Data has been stored in to the variable 'var-1'. Data value: [Klient1] >> Testing 123
[19:58:33][TestSuiteKw][INFO] Test suite 'Testování běžné komunikace' - Test case 'Zaklaní test komunikace 2' passed
[19:58:34][MessageBuffer][INFO] Message buffer cleared
[19:58:34][TestSuiteKw][INFO] Test case 'Test odeslání soukromé zprávy' starts executing now
[19:58:34][TelnetClient][INFO] (client-2) Message send: #sendPrivate Klient3 This is a private message
[19:58:34][MessageBuffer][INFO] Message added to buffer [ Mod: client-3 | Tag:  ] Content: 'This is a private message'
[19:58:34][WaitKw][INFO] Waiting: 1000 ms
[19:58:35][NATTContext][INFO] Data has been stored in to the variable 'var-1'. Data value: 
[19:58:35][NATTContext][INFO] Data has been stored in to the variable 'var-2'. Data value: 
[19:58:35][AssertEqualsKw][WARNING] Assertion failed. True was expected as the result. Condition: (Value of variable '' must contains expected text '[Klient2] >> This is a private message')
[19:58:35][TestSuiteKw][ERROR] Test suite 'Testování běžné komunikace' - Test case 'Test odeslání soukromé zprávy' failed
[19:58:35][MessageBuffer][INFO] Message buffer cleared
[19:58:36][MessageBuffer][INFO] Message buffer cleared
[19:58:36][TestSuiteKw][INFO] Test case 'Test vstoupení do diskuzní místnosti' starts executing now
[19:58:36][TelnetClient][INFO] (client-1) Message send: #join MyGroup1
[19:58:36][TelnetClient][INFO] (client-2) Message send: #join MyGroup1
[19:58:36][WaitKw][INFO] Waiting: 1000 ms
[19:58:37][TelnetClient][INFO] (client-1) Message send: #groups
[19:58:37][WaitKw][INFO] Waiting: 1000 ms
[19:58:38][AssertEqualsKw][WARNING] Assertion failed. True was expected as the result. Condition: (Value of variable '[Klient3] >> This is a test message' must contains expected text 'MyGroup1')
[19:58:38][TelnetClient][INFO] (client-1) Message send: #leave public
[19:58:38][TelnetClient][INFO] (client-2) Message send: #leave public
[19:58:38][WaitKw][INFO] Waiting: 1000 ms
[19:58:39][TelnetClient][INFO] (client-1) Message send: #groups
[19:58:39][WaitKw][INFO] Waiting: 1000 ms
[19:58:40][TestSuiteKw][ERROR] Test suite 'Testování diskuzních místností' - Test case 'Test vstoupení do diskuzní místnosti' failed
[19:58:40][MessageBuffer][INFO] Message buffer cleared
[19:58:41][TestSuiteKw][INFO] Test case 'Test komunikace v diskuzní místnosti' starts executing now
[19:58:41][TelnetClient][INFO] (client-1) Message send: This is private message
[19:58:41][WaitKw][INFO] Waiting: 1000 ms
[19:58:42][AssertEqualsKw][WARNING] Assertion failed. True was expected as the result. Condition: (Value of variable '[Klient3] >> This is a test message' must contains expected text 'This is private message')
[19:58:42][TelnetClient][INFO] (client-3) Message send: #join MyGroup1
[19:58:42][WaitKw][INFO] Waiting: 1000 ms
[19:58:43][TelnetClient][INFO] (client-1) Message send: This is private message
[19:58:43][WaitKw][INFO] Waiting: 1000 ms
[19:58:44][AssertEqualsKw][WARNING] Assertion failed. True was expected as the result. Condition: (Value of variable 'This is a private message' must contains expected text 'This is private message')
[19:58:44][TestSuiteKw][ERROR] Test suite 'Testování diskuzních místností' - Test case 'Test komunikace v diskuzní místnosti' failed
[19:58:44][MessageBuffer][INFO] Message buffer cleared
[19:58:45][MessageBuffer][INFO] Message buffer cleared
[19:58:45][TestSuiteKw][INFO] Test case 'Test změny jména' starts executing now
[19:58:45][TelnetClient][INFO] (client-1) Message send: #setMyName NoveJmeno1
[19:58:45][WaitKw][INFO] Waiting: 1000 ms
[19:58:46][TelnetClient][INFO] (client-1) Message send: This is new message
[19:58:46][WaitKw][INFO] Waiting: 1000 ms
[19:58:47][AssertEqualsKw][WARNING] Assertion failed. True was expected as the result. Condition: (Value of variable '[Klient3] >> This is a test message' must contains expected text '[NoveJmeno1] >> This is new message')
[19:58:47][TestSuiteKw][ERROR] Test suite 'Testování příkazu pro změnů jména' - Test case 'Test změny jména' failed
[19:58:47][MessageBuffer][INFO] Message buffer cleared
[19:58:47][TestSuiteKw][INFO] Test case 'Test změny na neunikátní jméno' starts executing now
[19:58:47][TelnetClient][INFO] (client-1) Message send: #setMyName Klient2
[19:58:47][WaitKw][INFO] Waiting: 1000 ms
[19:58:48][TelnetClient][INFO] (client-1) Message send: This is new message
[19:58:48][WaitKw][INFO] Waiting: 1000 ms
[19:58:49][AssertEqualsKw][WARNING] Assertion failed. True was expected as the result. Condition: (Value of variable '[Klient3] >> This is a test message' must contains expected text '[NoveJmeno1] >> This is new message')
[19:58:49][TestSuiteKw][ERROR] Test suite 'Testování příkazu pro změnů jména' - Test case 'Test změny na neunikátní jméno' failed
[19:58:49][MessageBuffer][INFO] Message buffer cleared
[19:58:50][MessageBuffer][INFO] Message buffer cleared
[19:58:50][MessageBuffer][INFO] Message buffer cleared
[19:58:50][ExternalProgramRunner][INFO] (default) Termiting external application
[19:58:50][TelnetClient][WARNING] (client-2) Connection closed
[19:58:50][TelnetClient][WARNING] (client-3) Connection closed
[19:58:50][TelnetClient][WARNING] (client-1) Connection closed
[19:58:50][ProcessManager][INFO] PID (10400) removed from file
[19:58:50][ProcessManager][INFO] PID (10400) removed from file
[19:58:50][TelnetClient][INFO] (client-1) Telnet client [client-1] terminated
[19:58:50][TelnetClient][INFO] (client-2) Telnet client [client-2] terminated
[19:58:50][TelnetClient][INFO] (client-3) Telnet client [client-3] terminated
[19:58:50][NATTCore][INFO] Test executing finished
[19:58:50][NATTCore][INFO] Start generating test report
[19:58:50][ExternalProgramRunner][WARNING] (default) External application ends with error: 1
[19:58:50][ExternalProgramRunner][WARNING] (default) Error message from external application: DBG>Output handler starting for /127.0.0.1:62176
DBG>Output handler starting for /127.0.0.1:62177
DBG>Input handler starting for /127.0.0.1:62176
DBG>Input handler starting for /127.0.0.1:62177
DBG>Input handler running for /127.0.0.1:62176
DBG>Input handler running for /127.0.0.1:62177
DBG>Output handler running for /127.0.0.1:62176
DBG>Output handler running for /127.0.0.1:62177
DBG>Input handler starting for /127.0.0.1:62178
DBG>Output handler starting for /127.0.0.1:62178
DBG>Output handler running for /127.0.0.1:62178
DBG>Input handler running for /127.0.0.1:62178
DBG>Message sent to /127.0.0.1:62178:[Klient1] >> Hello, world!

DBG>Message sent to /127.0.0.1:62177:[Klient1] >> Hello, world!

DBG>Message sent to /127.0.0.1:62178:[Klient1] >> Testing 123

DBG>Message sent to /127.0.0.1:62177:[Klient1] >> Testing 123

DBG>Message sent to /127.0.0.1:62176:[Klient2] >> 12345 - 67890

DBG>Message sent to /127.0.0.1:62178:[Klient2] >> 12345 - 67890

DBG>Message sent to /127.0.0.1:62177:[Klient3] >> This is a test message

DBG>Message sent to /127.0.0.1:62176:[Klient3] >> This is a test message

DBG>Message sent to /127.0.0.1:62178:This is a private message

Exception in thread "pool-1-thread-1" java.lang.ArrayIndexOutOfBoundsException: Index 2 out of bounds for length 2
	at utb.fai.SocketHandler$InputHandler.run(SocketHandler.java:149)
	at java.base/java.util.concurrent.ThreadPoolExecutor.runWorker(ThreadPoolExecutor.java:1136)
	at java.base/java.util.concurrent.ThreadPoolExecutor$Worker.run(ThreadPoolExecutor.java:635)
	at java.base/java.lang.Thread.run(Thread.java:842)
Exception in thread "pool-1-thread-3" java.lang.ArrayIndexOutOfBoundsException: Index 2 out of bounds for length 2
	at utb.fai.SocketHandler$InputHandler.run(SocketHandler.java:149)
	at java.base/java.util.concurrent.ThreadPoolExecutor.runWorker(ThreadPoolExecutor.java:1136)
	at java.base/java.util.concurrent.ThreadPoolExecutor$Worker.run(ThreadPoolExecutor.java:635)
	at java.base/java.lang.Thread.run(Thread.java:842)
Exception in thread "pool-1-thread-5" java.lang.ArrayIndexOutOfBoundsException: Index 2 out of bounds for length 2
	at utb.fai.SocketHandler$InputHandler.run(SocketHandler.java:149)
	at java.base/java.util.concurrent.ThreadPoolExecutor.runWorker(ThreadPoolExecutor.java:1136)
	at java.base/java.util.concurrent.ThreadPoolExecutor$Worker.run(ThreadPoolExecutor.java:635)
	at java.base/java.lang.Thread.run(Thread.java:842)

[19:58:50][TestReportGenerator][INFO] Report saved to file
[19:58:50][NATTCore][WARNING] Failed test cases: "Test odeslání soukromé zprávy", "Test vstoupení do diskuzní místnosti", "Test komunikace v diskuzní místnosti", "Test změny jména", "Test změny na neunikátní jméno"
[19:58:51][NATTCore][INFO] Final score: 2.857143
[19:58:51][NATTCore][ERROR] Testing done. Leaving status: FAILED
