[19:53:49][PluginLoader][WARNING] Plugins directory not found.
[19:53:49][NATTCore][INFO] NATT CORE initialization done
Version: 1.7.0 
Configuration path: https://gitlab.com/ap5vs/test-config/im-server-config/-/raw/main/test-config-4.yaml?ref_type=heads
Configuration loading mode: FROM URL
[19:53:49][NATTCore][INFO] Working directory path: C:\Users\alexg\OneDrive\Dokumenty\im-server-main
[19:53:49][NATTCore][INFO] Start loading of the configuration file ...
[19:53:50][NetworkIO][INFO] Yaml data has been loaded from network location (https://gitlab.com/ap5vs/test-config/im-server-config/-/raw/main/test-config-4.yaml?ref_type=heads)
[19:53:50][NATTCore][INFO] Configuration loading done
[19:53:50][NATTCore][INFO] Start building test structure according to the configuration ...
[19:53:50][NATTCore][INFO] Test structure ...
[19:53:50][NATTCore][INFO] Test structure building done
[19:53:50][NATTCore][INFO] Start test executing ...
[19:53:51][TestReportGenerator][INFO] Extenet reports generated. Final report will be saved to file: test_report.html
[19:53:51][NATTCore][INFO] Starts execution on the root keyword  ...
[19:53:51][MessageBuffer][INFO] Message buffer created for module with name: default
[19:53:51][ExternalProgramRunner][INFO] (default) Run external app with command: java -jar app/build/libs/app.jar 9999 10
[19:53:51][ProcessManager][INFO] New PID (25824) added to file
[19:53:51][WaitKw][INFO] Waiting: 3000 ms
[19:53:51][MessageBuffer][INFO] Message added to buffer [ Mod: default | Tag:  ] Content: 'IM server listening on port 9999, maximum nr. of connections=10...'
[19:53:54][MessageBuffer][INFO] Message buffer created for module with name: client-1
[19:53:54][TelnetClient][INFO] (client-1) Telnet client connected to host with the address: 'localhost' on port '9999'
[19:53:54][MessageBuffer][INFO] Message buffer created for module with name: client-2
[19:53:54][TelnetClient][INFO] (client-2) Telnet client connected to host with the address: 'localhost' on port '9999'
[19:53:54][MessageBuffer][INFO] Message buffer created for module with name: client-3
[19:53:54][TelnetClient][INFO] (client-3) Telnet client connected to host with the address: 'localhost' on port '9999'
[19:53:54][WaitKw][INFO] Waiting: 2000 ms
[19:53:56][TelnetClient][INFO] (client-1) Message send: Klient1
[19:53:56][TelnetClient][INFO] (client-2) Message send: Klient2
[19:53:56][TelnetClient][INFO] (client-3) Message send: Klient3
[19:53:56][WaitKw][INFO] Waiting: 800 ms
[19:53:56][MessageBuffer][INFO] Message added to buffer [ Mod: client-2 | Tag:  ] Content: 'Please enter your name: '
[19:53:56][MessageBuffer][INFO] Message added to buffer [ Mod: client-3 | Tag:  ] Content: 'Please enter your name: '
[19:53:56][MessageBuffer][INFO] Message added to buffer [ Mod: client-1 | Tag:  ] Content: 'Please enter your name: '
[19:53:56][MessageBuffer][INFO] Message added to buffer [ Mod: client-3 | Tag:  ] Content: 'You are connected from /127.0.0.1:62053'
[19:53:56][MessageBuffer][INFO] Message added to buffer [ Mod: client-2 | Tag:  ] Content: 'You are connected from /127.0.0.1:62052'
[19:53:56][MessageBuffer][INFO] Message added to buffer [ Mod: client-1 | Tag:  ] Content: 'You are connected from /127.0.0.1:62051'
[19:53:57][TestSuiteKw][INFO] Test case 'Zaklaní test komunikace 1' starts executing now
[19:53:57][TelnetClient][INFO] (client-1) Message send: Hello, world!
[19:53:57][WaitKw][INFO] Waiting: 1000 ms
[19:53:57][MessageBuffer][INFO] Message added to buffer [ Mod: default | Tag:  ] Content: '[Klient1] >> Hello, world!'
[19:53:57][MessageBuffer][INFO] Message added to buffer [ Mod: client-2 | Tag:  ] Content: '[Klient1] >> Hello, world!'
[19:53:57][MessageBuffer][INFO] Message added to buffer [ Mod: client-3 | Tag:  ] Content: '[Klient1] >> Hello, world!'
[19:53:58][TestSuiteKw][INFO] Test suite 'Testování běžné komunikace' - Test case 'Zaklaní test komunikace 1' passed
[19:53:58][MessageBuffer][INFO] Message buffer cleared
[19:53:58][TestSuiteKw][INFO] Test case 'Zaklaní test komunikace 2' starts executing now
[19:53:58][TelnetClient][INFO] (client-1) Message send: Testing 123
[19:53:58][MessageBuffer][INFO] Message added to buffer [ Mod: default | Tag:  ] Content: '[Klient1] >> Testing 123'
[19:53:58][MessageBuffer][INFO] Message added to buffer [ Mod: client-3 | Tag:  ] Content: '[Klient1] >> Testing 123'
[19:53:58][MessageBuffer][INFO] Message added to buffer [ Mod: client-2 | Tag:  ] Content: '[Klient1] >> Testing 123'
[19:53:58][TelnetClient][INFO] (client-2) Message send: 12345 - 67890
[19:53:58][MessageBuffer][INFO] Message added to buffer [ Mod: default | Tag:  ] Content: '[Klient2] >> 12345 - 67890'
[19:53:58][MessageBuffer][INFO] Message added to buffer [ Mod: client-3 | Tag:  ] Content: '[Klient2] >> 12345 - 67890'
[19:53:58][MessageBuffer][INFO] Message added to buffer [ Mod: client-1 | Tag:  ] Content: '[Klient2] >> 12345 - 67890'
[19:53:58][TelnetClient][INFO] (client-3) Message send: This is a test message
[19:53:58][MessageBuffer][INFO] Message added to buffer [ Mod: default | Tag:  ] Content: '[Klient3] >> This is a test message'
[19:53:58][WaitKw][INFO] Waiting: 1000 ms
[19:53:58][MessageBuffer][INFO] Message added to buffer [ Mod: client-2 | Tag:  ] Content: '[Klient3] >> This is a test message'
[19:53:58][MessageBuffer][INFO] Message added to buffer [ Mod: client-1 | Tag:  ] Content: '[Klient3] >> This is a test message'
[19:53:59][NATTContext][INFO] Data has been stored in to the variable 'var-1'. Data value: [Klient2] >> 12345 - 67890
[19:53:59][NATTContext][INFO] Data has been stored in to the variable 'var-1'. Data value: [Klient3] >> This is a test message
[19:53:59][NATTContext][INFO] Data has been stored in to the variable 'var-1'. Data value: [Klient1] >> Testing 123
[19:53:59][TestSuiteKw][INFO] Test suite 'Testování běžné komunikace' - Test case 'Zaklaní test komunikace 2' passed
[19:53:59][MessageBuffer][INFO] Message buffer cleared
[19:54:00][TestSuiteKw][INFO] Test case 'Test odeslání soukromé zprávy' starts executing now
[19:54:00][TelnetClient][INFO] (client-2) Message send: #sendPrivate Klient3 This is a private message
[19:54:00][MessageBuffer][INFO] Message added to buffer [ Mod: client-3 | Tag:  ] Content: 'This is a private message'
[19:54:00][WaitKw][INFO] Waiting: 1000 ms
[19:54:01][NATTContext][INFO] Data has been stored in to the variable 'var-1'. Data value: 
[19:54:01][NATTContext][INFO] Data has been stored in to the variable 'var-2'. Data value: 
[19:54:01][AssertEqualsKw][WARNING] Assertion failed. True was expected as the result. Condition: (Value of variable '' must contains expected text '[Klient2] >> This is a private message')
[19:54:01][TestSuiteKw][ERROR] Test suite 'Testování běžné komunikace' - Test case 'Test odeslání soukromé zprávy' failed
[19:54:01][MessageBuffer][INFO] Message buffer cleared
[19:54:02][MessageBuffer][INFO] Message buffer cleared
[19:54:02][TestSuiteKw][INFO] Test case 'Test vstoupení do diskuzní místnosti' starts executing now
[19:54:02][TelnetClient][INFO] (client-1) Message send: #join MyGroup1
[19:54:02][TelnetClient][INFO] (client-2) Message send: #join MyGroup1
[19:54:02][WaitKw][INFO] Waiting: 1000 ms
[19:54:03][TelnetClient][INFO] (client-1) Message send: #groups
[19:54:03][WaitKw][INFO] Waiting: 1000 ms
[19:54:04][AssertEqualsKw][WARNING] Assertion failed. True was expected as the result. Condition: (Value of variable '[Klient3] >> This is a test message' must contains expected text 'MyGroup1')
[19:54:04][TelnetClient][INFO] (client-1) Message send: #leave public
[19:54:04][TelnetClient][INFO] (client-2) Message send: #leave public
[19:54:04][WaitKw][INFO] Waiting: 1000 ms
[19:54:05][TelnetClient][INFO] (client-1) Message send: #groups
[19:54:05][WaitKw][INFO] Waiting: 1000 ms
[19:54:06][TestSuiteKw][ERROR] Test suite 'Testování diskuzních místností' - Test case 'Test vstoupení do diskuzní místnosti' failed
[19:54:06][MessageBuffer][INFO] Message buffer cleared
[19:54:07][TestSuiteKw][INFO] Test case 'Test komunikace v diskuzní místnosti' starts executing now
[19:54:07][TelnetClient][INFO] (client-1) Message send: This is private message
[19:54:07][WaitKw][INFO] Waiting: 1000 ms
[19:54:08][AssertEqualsKw][WARNING] Assertion failed. True was expected as the result. Condition: (Value of variable '[Klient3] >> This is a test message' must contains expected text 'This is private message')
[19:54:08][TelnetClient][INFO] (client-3) Message send: #join MyGroup1
[19:54:08][WaitKw][INFO] Waiting: 1000 ms
[19:54:09][TelnetClient][INFO] (client-1) Message send: This is private message
[19:54:09][WaitKw][INFO] Waiting: 1000 ms
[19:54:10][AssertEqualsKw][WARNING] Assertion failed. True was expected as the result. Condition: (Value of variable 'This is a private message' must contains expected text 'This is private message')
[19:54:10][TestSuiteKw][ERROR] Test suite 'Testování diskuzních místností' - Test case 'Test komunikace v diskuzní místnosti' failed
[19:54:10][MessageBuffer][INFO] Message buffer cleared
[19:54:10][MessageBuffer][INFO] Message buffer cleared
[19:54:10][TestSuiteKw][INFO] Test case 'Test změny jména' starts executing now
[19:54:10][TelnetClient][INFO] (client-1) Message send: #setMyName NoveJmeno1
[19:54:10][WaitKw][INFO] Waiting: 1000 ms
[19:54:11][TelnetClient][INFO] (client-1) Message send: This is new message
[19:54:11][WaitKw][INFO] Waiting: 1000 ms
[19:54:12][AssertEqualsKw][WARNING] Assertion failed. True was expected as the result. Condition: (Value of variable '[Klient3] >> This is a test message' must contains expected text '[NoveJmeno1] >> This is new message')
[19:54:12][TestSuiteKw][ERROR] Test suite 'Testování příkazu pro změnů jména' - Test case 'Test změny jména' failed
[19:54:13][MessageBuffer][INFO] Message buffer cleared
[19:54:13][TestSuiteKw][INFO] Test case 'Test změny na neunikátní jméno' starts executing now
[19:54:13][TelnetClient][INFO] (client-1) Message send: #setMyName Klient2
[19:54:13][WaitKw][INFO] Waiting: 1000 ms
[19:54:14][TelnetClient][INFO] (client-1) Message send: This is new message
[19:54:14][WaitKw][INFO] Waiting: 1000 ms
[19:54:15][AssertEqualsKw][WARNING] Assertion failed. True was expected as the result. Condition: (Value of variable '[Klient3] >> This is a test message' must contains expected text '[NoveJmeno1] >> This is new message')
[19:54:15][TestSuiteKw][ERROR] Test suite 'Testování příkazu pro změnů jména' - Test case 'Test změny na neunikátní jméno' failed
[19:54:15][MessageBuffer][INFO] Message buffer cleared
[19:54:16][MessageBuffer][INFO] Message buffer cleared
[19:54:16][MessageBuffer][INFO] Message buffer cleared
[19:54:16][ExternalProgramRunner][INFO] (default) Termiting external application
[19:54:16][TelnetClient][WARNING] (client-1) Connection closed
[19:54:16][TelnetClient][WARNING] (client-3) Connection closed
[19:54:16][TelnetClient][WARNING] (client-2) Connection closed
[19:54:16][ProcessManager][INFO] PID (25824) removed from file
[19:54:16][TelnetClient][INFO] (client-1) Telnet client [client-1] terminated
[19:54:16][ProcessManager][INFO] PID (25824) removed from file
[19:54:16][TelnetClient][INFO] (client-2) Telnet client [client-2] terminated
[19:54:16][TelnetClient][INFO] (client-3) Telnet client [client-3] terminated
[19:54:16][NATTCore][INFO] Test executing finished
[19:54:16][NATTCore][INFO] Start generating test report
[19:54:16][ExternalProgramRunner][WARNING] (default) External application ends with error: 1
[19:54:16][ExternalProgramRunner][WARNING] (default) Error message from external application: DBG>Output handler starting for /127.0.0.1:62051
DBG>Input handler starting for /127.0.0.1:62051
DBG>Input handler running for /127.0.0.1:62051
DBG>Output handler running for /127.0.0.1:62051
DBG>Input handler starting for /127.0.0.1:62052
DBG>Output handler starting for /127.0.0.1:62052
DBG>Output handler running for /127.0.0.1:62052
DBG>Input handler running for /127.0.0.1:62052
DBG>Input handler starting for /127.0.0.1:62053
DBG>Output handler starting for /127.0.0.1:62053
DBG>Output handler running for /127.0.0.1:62053
DBG>Input handler running for /127.0.0.1:62053
DBG>Message sent to /127.0.0.1:62053:[Klient1] >> Hello, world!

DBG>Message sent to /127.0.0.1:62052:[Klient1] >> Hello, world!

DBG>Message sent to /127.0.0.1:62052:[Klient1] >> Testing 123

DBG>Message sent to /127.0.0.1:62053:[Klient1] >> Testing 123

DBG>Message sent to /127.0.0.1:62053:[Klient2] >> 12345 - 67890

DBG>Message sent to /127.0.0.1:62051:[Klient2] >> 12345 - 67890

DBG>Message sent to /127.0.0.1:62051:[Klient3] >> This is a test message

DBG>Message sent to /127.0.0.1:62052:[Klient3] >> This is a test message

DBG>Message sent to /127.0.0.1:62053:This is a private message

Exception in thread "pool-1-thread-1" java.lang.ArrayIndexOutOfBoundsException: Index 2 out of bounds for length 2
	at utb.fai.SocketHandler$InputHandler.run(SocketHandler.java:150)
	at java.base/java.util.concurrent.ThreadPoolExecutor.runWorker(ThreadPoolExecutor.java:1136)
	at java.base/java.util.concurrent.ThreadPoolExecutor$Worker.run(ThreadPoolExecutor.java:635)
	at java.base/java.lang.Thread.run(Thread.java:842)
Exception in thread "pool-1-thread-3" java.lang.ArrayIndexOutOfBoundsException: Index 2 out of bounds for length 2
	at utb.fai.SocketHandler$InputHandler.run(SocketHandler.java:150)
	at java.base/java.util.concurrent.ThreadPoolExecutor.runWorker(ThreadPoolExecutor.java:1136)
	at java.base/java.util.concurrent.ThreadPoolExecutor$Worker.run(ThreadPoolExecutor.java:635)
	at java.base/java.lang.Thread.run(Thread.java:842)
Exception in thread "pool-1-thread-5" java.lang.ArrayIndexOutOfBoundsException: Index 2 out of bounds for length 2
	at utb.fai.SocketHandler$InputHandler.run(SocketHandler.java:150)
	at java.base/java.util.concurrent.ThreadPoolExecutor.runWorker(ThreadPoolExecutor.java:1136)
	at java.base/java.util.concurrent.ThreadPoolExecutor$Worker.run(ThreadPoolExecutor.java:635)
	at java.base/java.lang.Thread.run(Thread.java:842)

[19:54:16][TestReportGenerator][INFO] Report saved to file
[19:54:16][NATTCore][WARNING] Failed test cases: "Test odeslání soukromé zprávy", "Test vstoupení do diskuzní místnosti", "Test komunikace v diskuzní místnosti", "Test změny jména", "Test změny na neunikátní jméno"
[19:54:16][NATTCore][INFO] Final score: 2.857143
[19:54:16][NATTCore][ERROR] Testing done. Leaving status: FAILED
