[20:03:25][PluginLoader][WARNING] Plugins directory not found.
[20:03:25][NATTCore][INFO] NATT CORE initialization done
Version: 1.7.0 
Configuration path: https://gitlab.com/ap5vs/test-config/im-server-config/-/raw/main/test-config-4.yaml?ref_type=heads
Configuration loading mode: FROM URL
[20:03:25][NATTCore][INFO] Working directory path: C:\Users\alexg\OneDrive\Dokumenty\im-server-main
[20:03:25][NATTCore][INFO] Start loading of the configuration file ...
[20:03:26][NetworkIO][INFO] Yaml data has been loaded from network location (https://gitlab.com/ap5vs/test-config/im-server-config/-/raw/main/test-config-4.yaml?ref_type=heads)
[20:03:26][NATTCore][INFO] Configuration loading done
[20:03:26][NATTCore][INFO] Start building test structure according to the configuration ...
[20:03:26][NATTCore][INFO] Test structure ...
[20:03:26][NATTCore][INFO] Test structure building done
[20:03:26][NATTCore][INFO] Start test executing ...
[20:03:26][TestReportGenerator][INFO] Extenet reports generated. Final report will be saved to file: test_report.html
[20:03:26][NATTCore][INFO] Starts execution on the root keyword  ...
[20:03:26][MessageBuffer][INFO] Message buffer created for module with name: default
[20:03:26][ExternalProgramRunner][INFO] (default) Run external app with command: java -jar app/build/libs/app.jar 9999 10
[20:03:26][ProcessManager][INFO] New PID (1860) added to file
[20:03:26][WaitKw][INFO] Waiting: 3000 ms
[20:03:26][MessageBuffer][INFO] Message added to buffer [ Mod: default | Tag:  ] Content: 'IM server listening on port 9999, maximum nr. of connections=10...'
[20:03:29][MessageBuffer][INFO] Message buffer created for module with name: client-1
[20:03:29][TelnetClient][INFO] (client-1) Telnet client connected to host with the address: 'localhost' on port '9999'
[20:03:29][MessageBuffer][INFO] Message buffer created for module with name: client-2
[20:03:29][TelnetClient][INFO] (client-2) Telnet client connected to host with the address: 'localhost' on port '9999'
[20:03:29][MessageBuffer][INFO] Message buffer created for module with name: client-3
[20:03:29][TelnetClient][INFO] (client-3) Telnet client connected to host with the address: 'localhost' on port '9999'
[20:03:29][WaitKw][INFO] Waiting: 2000 ms
[20:03:31][TelnetClient][INFO] (client-1) Message send: Klient1
[20:03:31][TelnetClient][INFO] (client-2) Message send: Klient2
[20:03:31][TelnetClient][INFO] (client-3) Message send: Klient3
[20:03:31][WaitKw][INFO] Waiting: 800 ms
[20:03:31][MessageBuffer][INFO] Message added to buffer [ Mod: client-1 | Tag:  ] Content: 'Please enter your name: '
[20:03:31][MessageBuffer][INFO] Message added to buffer [ Mod: client-3 | Tag:  ] Content: 'Please enter your name: '
[20:03:31][MessageBuffer][INFO] Message added to buffer [ Mod: client-2 | Tag:  ] Content: 'Please enter your name: '
[20:03:31][MessageBuffer][INFO] Message added to buffer [ Mod: client-3 | Tag:  ] Content: 'You are connected from /127.0.0.1:62291'
[20:03:31][MessageBuffer][INFO] Message added to buffer [ Mod: client-1 | Tag:  ] Content: 'You are connected from /127.0.0.1:62289'
[20:03:31][MessageBuffer][INFO] Message added to buffer [ Mod: client-2 | Tag:  ] Content: 'You are connected from /127.0.0.1:62290'
[20:03:32][TestSuiteKw][INFO] Test case 'Zaklaní test komunikace 1' starts executing now
[20:03:32][TelnetClient][INFO] (client-1) Message send: Hello, world!
[20:03:32][WaitKw][INFO] Waiting: 1000 ms
[20:03:32][MessageBuffer][INFO] Message added to buffer [ Mod: default | Tag:  ] Content: '[Klient1] >> Hello, world!'
[20:03:32][MessageBuffer][INFO] Message added to buffer [ Mod: client-3 | Tag:  ] Content: '[Klient1] >> Hello, world!'
[20:03:32][MessageBuffer][INFO] Message added to buffer [ Mod: client-2 | Tag:  ] Content: '[Klient1] >> Hello, world!'
[20:03:33][TestSuiteKw][INFO] Test suite 'Testování běžné komunikace' - Test case 'Zaklaní test komunikace 1' passed
[20:03:33][MessageBuffer][INFO] Message buffer cleared
[20:03:34][TestSuiteKw][INFO] Test case 'Zaklaní test komunikace 2' starts executing now
[20:03:34][TelnetClient][INFO] (client-1) Message send: Testing 123
[20:03:34][MessageBuffer][INFO] Message added to buffer [ Mod: default | Tag:  ] Content: '[Klient1] >> Testing 123'
[20:03:34][MessageBuffer][INFO] Message added to buffer [ Mod: client-3 | Tag:  ] Content: '[Klient1] >> Testing 123'
[20:03:34][MessageBuffer][INFO] Message added to buffer [ Mod: client-2 | Tag:  ] Content: '[Klient1] >> Testing 123'
[20:03:34][TelnetClient][INFO] (client-2) Message send: 12345 - 67890
[20:03:34][MessageBuffer][INFO] Message added to buffer [ Mod: default | Tag:  ] Content: '[Klient2] >> 12345 - 67890'
[20:03:34][MessageBuffer][INFO] Message added to buffer [ Mod: client-1 | Tag:  ] Content: '[Klient2] >> 12345 - 67890'
[20:03:34][MessageBuffer][INFO] Message added to buffer [ Mod: client-3 | Tag:  ] Content: '[Klient2] >> 12345 - 67890'
[20:03:34][TelnetClient][INFO] (client-3) Message send: This is a test message
[20:03:34][MessageBuffer][INFO] Message added to buffer [ Mod: default | Tag:  ] Content: '[Klient3] >> This is a test message'
[20:03:34][MessageBuffer][INFO] Message added to buffer [ Mod: client-1 | Tag:  ] Content: '[Klient3] >> This is a test message'
[20:03:34][MessageBuffer][INFO] Message added to buffer [ Mod: client-2 | Tag:  ] Content: '[Klient3] >> This is a test message'
[20:03:34][WaitKw][INFO] Waiting: 1000 ms
[20:03:35][NATTContext][INFO] Data has been stored in to the variable 'var-1'. Data value: [Klient2] >> 12345 - 67890
[20:03:35][NATTContext][INFO] Data has been stored in to the variable 'var-1'. Data value: [Klient3] >> This is a test message
[20:03:35][NATTContext][INFO] Data has been stored in to the variable 'var-1'. Data value: [Klient1] >> Testing 123
[20:03:35][TestSuiteKw][INFO] Test suite 'Testování běžné komunikace' - Test case 'Zaklaní test komunikace 2' passed
[20:03:35][MessageBuffer][INFO] Message buffer cleared
[20:03:36][TestSuiteKw][INFO] Test case 'Test odeslání soukromé zprávy' starts executing now
[20:03:36][TelnetClient][INFO] (client-2) Message send: #sendPrivate Klient3 This is a private message
[20:03:36][MessageBuffer][INFO] Message added to buffer [ Mod: client-3 | Tag:  ] Content: 'This is a private message'
[20:03:36][WaitKw][INFO] Waiting: 1000 ms
[20:03:37][NATTContext][INFO] Data has been stored in to the variable 'var-1'. Data value: 
[20:03:37][NATTContext][INFO] Data has been stored in to the variable 'var-2'. Data value: 
[20:03:37][AssertEqualsKw][WARNING] Assertion failed. True was expected as the result. Condition: (Value of variable '' must contains expected text '[Klient2] >> This is a private message')
[20:03:37][TestSuiteKw][ERROR] Test suite 'Testování běžné komunikace' - Test case 'Test odeslání soukromé zprávy' failed
[20:03:37][MessageBuffer][INFO] Message buffer cleared
[20:03:37][MessageBuffer][INFO] Message buffer cleared
[20:03:37][TestSuiteKw][INFO] Test case 'Test vstoupení do diskuzní místnosti' starts executing now
[20:03:37][TelnetClient][INFO] (client-1) Message send: #join MyGroup1
[20:03:37][TelnetClient][INFO] (client-2) Message send: #join MyGroup1
[20:03:37][WaitKw][INFO] Waiting: 1000 ms
[20:03:38][TelnetClient][INFO] (client-1) Message send: #groups
[20:03:38][WaitKw][INFO] Waiting: 1000 ms
[20:03:39][AssertEqualsKw][WARNING] Assertion failed. True was expected as the result. Condition: (Value of variable '[Klient3] >> This is a test message' must contains expected text 'MyGroup1')
[20:03:39][TelnetClient][INFO] (client-1) Message send: #leave public
[20:03:39][TelnetClient][INFO] (client-2) Message send: #leave public
[20:03:39][WaitKw][INFO] Waiting: 1000 ms
[20:03:40][TelnetClient][INFO] (client-1) Message send: #groups
[20:03:40][WaitKw][INFO] Waiting: 1000 ms
[20:03:41][TestSuiteKw][ERROR] Test suite 'Testování diskuzních místností' - Test case 'Test vstoupení do diskuzní místnosti' failed
[20:03:42][MessageBuffer][INFO] Message buffer cleared
[20:03:42][TestSuiteKw][INFO] Test case 'Test komunikace v diskuzní místnosti' starts executing now
[20:03:42][TelnetClient][INFO] (client-1) Message send: This is private message
[20:03:42][WaitKw][INFO] Waiting: 1000 ms
[20:03:43][AssertEqualsKw][WARNING] Assertion failed. True was expected as the result. Condition: (Value of variable '[Klient3] >> This is a test message' must contains expected text 'This is private message')
[20:03:43][TelnetClient][INFO] (client-3) Message send: #join MyGroup1
[20:03:43][WaitKw][INFO] Waiting: 1000 ms
[20:03:44][TelnetClient][INFO] (client-1) Message send: This is private message
[20:03:44][WaitKw][INFO] Waiting: 1000 ms
[20:03:45][AssertEqualsKw][WARNING] Assertion failed. True was expected as the result. Condition: (Value of variable 'This is a private message' must contains expected text 'This is private message')
[20:03:45][TestSuiteKw][ERROR] Test suite 'Testování diskuzních místností' - Test case 'Test komunikace v diskuzní místnosti' failed
[20:03:45][MessageBuffer][INFO] Message buffer cleared
[20:03:46][MessageBuffer][INFO] Message buffer cleared
[20:03:46][TestSuiteKw][INFO] Test case 'Test změny jména' starts executing now
[20:03:46][TelnetClient][INFO] (client-1) Message send: #setMyName NoveJmeno1
[20:03:46][WaitKw][INFO] Waiting: 1000 ms
[20:03:47][TelnetClient][INFO] (client-1) Message send: This is new message
[20:03:47][WaitKw][INFO] Waiting: 1000 ms
[20:03:48][AssertEqualsKw][WARNING] Assertion failed. True was expected as the result. Condition: (Value of variable '[Klient3] >> This is a test message' must contains expected text '[NoveJmeno1] >> This is new message')
[20:03:48][TestSuiteKw][ERROR] Test suite 'Testování příkazu pro změnů jména' - Test case 'Test změny jména' failed
[20:03:48][MessageBuffer][INFO] Message buffer cleared
[20:03:49][TestSuiteKw][INFO] Test case 'Test změny na neunikátní jméno' starts executing now
[20:03:49][TelnetClient][INFO] (client-1) Message send: #setMyName Klient2
[20:03:49][WaitKw][INFO] Waiting: 1000 ms
[20:03:50][TelnetClient][INFO] (client-1) Message send: This is new message
[20:03:50][WaitKw][INFO] Waiting: 1000 ms
[20:03:51][AssertEqualsKw][WARNING] Assertion failed. True was expected as the result. Condition: (Value of variable '[Klient3] >> This is a test message' must contains expected text '[NoveJmeno1] >> This is new message')
[20:03:51][TestSuiteKw][ERROR] Test suite 'Testování příkazu pro změnů jména' - Test case 'Test změny na neunikátní jméno' failed
[20:03:51][MessageBuffer][INFO] Message buffer cleared
[20:03:51][MessageBuffer][INFO] Message buffer cleared
[20:03:51][MessageBuffer][INFO] Message buffer cleared
[20:03:51][ExternalProgramRunner][INFO] (default) Termiting external application
[20:03:51][TelnetClient][WARNING] (client-3) Connection closed
[20:03:51][TelnetClient][WARNING] (client-1) Connection closed
[20:03:51][TelnetClient][WARNING] (client-2) Connection closed
[20:03:51][ProcessManager][INFO] PID (1860) removed from file
[20:03:51][TelnetClient][INFO] (client-1) Telnet client [client-1] terminated
[20:03:51][ProcessManager][INFO] PID (1860) removed from file
[20:03:51][TelnetClient][INFO] (client-2) Telnet client [client-2] terminated
[20:03:51][TelnetClient][INFO] (client-3) Telnet client [client-3] terminated
[20:03:51][NATTCore][INFO] Test executing finished
[20:03:51][NATTCore][INFO] Start generating test report
[20:03:51][ExternalProgramRunner][WARNING] (default) External application ends with error: 1
[20:03:51][ExternalProgramRunner][WARNING] (default) Error message from external application: DBG>Input handler starting for /127.0.0.1:62289
DBG>Input handler starting for /127.0.0.1:62290
DBG>Output handler starting for /127.0.0.1:62289
DBG>Output handler starting for /127.0.0.1:62290
DBG>Output handler running for /127.0.0.1:62290
DBG>Output handler running for /127.0.0.1:62289
DBG>Input handler running for /127.0.0.1:62289
DBG>Input handler running for /127.0.0.1:62290
DBG>Input handler starting for /127.0.0.1:62291
DBG>Output handler starting for /127.0.0.1:62291
DBG>Output handler running for /127.0.0.1:62291
DBG>Input handler running for /127.0.0.1:62291
DBG>Message sent to /127.0.0.1:62291:[Klient1] >> Hello, world!

DBG>Message sent to /127.0.0.1:62290:[Klient1] >> Hello, world!

DBG>Message sent to /127.0.0.1:62290:[Klient1] >> Testing 123

DBG>Message sent to /127.0.0.1:62291:[Klient1] >> Testing 123

DBG>Message sent to /127.0.0.1:62291:[Klient2] >> 12345 - 67890

DBG>Message sent to /127.0.0.1:62289:[Klient2] >> 12345 - 67890

DBG>Message sent to /127.0.0.1:62289:[Klient3] >> This is a test message

DBG>Message sent to /127.0.0.1:62290:[Klient3] >> This is a test message

DBG>Message sent to /127.0.0.1:62291:This is a private message

Exception in thread "pool-1-thread-1" java.lang.ArrayIndexOutOfBoundsException: Index 2 out of bounds for length 2
	at utb.fai.SocketHandler$InputHandler.run(SocketHandler.java:149)
	at java.base/java.util.concurrent.ThreadPoolExecutor.runWorker(ThreadPoolExecutor.java:1136)
	at java.base/java.util.concurrent.ThreadPoolExecutor$Worker.run(ThreadPoolExecutor.java:635)
	at java.base/java.lang.Thread.run(Thread.java:842)
Exception in thread "pool-1-thread-3" java.lang.ArrayIndexOutOfBoundsException: Index 2 out of bounds for length 2
	at utb.fai.SocketHandler$InputHandler.run(SocketHandler.java:149)
	at java.base/java.util.concurrent.ThreadPoolExecutor.runWorker(ThreadPoolExecutor.java:1136)
	at java.base/java.util.concurrent.ThreadPoolExecutor$Worker.run(ThreadPoolExecutor.java:635)
	at java.base/java.lang.Thread.run(Thread.java:842)
Exception in thread "pool-1-thread-5" java.lang.ArrayIndexOutOfBoundsException: Index 2 out of bounds for length 2
	at utb.fai.SocketHandler$InputHandler.run(SocketHandler.java:149)
	at java.base/java.util.concurrent.ThreadPoolExecutor.runWorker(ThreadPoolExecutor.java:1136)
	at java.base/java.util.concurrent.ThreadPoolExecutor$Worker.run(ThreadPoolExecutor.java:635)
	at java.base/java.lang.Thread.run(Thread.java:842)

[20:03:52][TestReportGenerator][INFO] Report saved to file
[20:03:52][NATTCore][WARNING] Failed test cases: "Test odeslání soukromé zprávy", "Test vstoupení do diskuzní místnosti", "Test komunikace v diskuzní místnosti", "Test změny jména", "Test změny na neunikátní jméno"
[20:03:52][NATTCore][INFO] Final score: 2.857143
[20:03:52][NATTCore][ERROR] Testing done. Leaving status: FAILED
